  Login.cpp
C:\Users\gigabyte\OneDrive\Documents\GitHub\WINDOWS_FORMS\CMS\Login.h(263,35): error C2039: 'MenuStaff': is not a member of 'CMS::CMS'
C:\Users\gigabyte\OneDrive\Documents\GitHub\WINDOWS_FORMS\CMS\Login.h(7,11): message : see declaration of 'CMS::CMS'
C:\Users\gigabyte\OneDrive\Documents\GitHub\WINDOWS_FORMS\CMS\MenuStaff.h(5): fatal  error C1075: '{': no matching token found
  MenuStaff.cpp
C:\Program Files\Microsoft Visual Studio\2022\Community\VC\Tools\MSVC\14.34.31933\include\cmath(559,30): error C2061: syntax error: identifier 'conditional_t'
C:\Program Files\Microsoft Visual Studio\2022\Community\VC\Tools\MSVC\14.34.31933\include\cmath(565,49): error C2279: exception specification cannot appear in a typedef declaration
C:\Program Files\Microsoft Visual Studio\2022\Community\VC\Tools\MSVC\14.34.31933\include\cmath(571,17): error C2039: '_Common_float_type_t': is not a member of 'std'
C:\Program Files\Microsoft Visual Studio\2022\Community\VC\Tools\MSVC\14.34.31933\include\memory(28,1): message : see declaration of 'std'
C:\Program Files\Microsoft Visual Studio\2022\Community\VC\Tools\MSVC\14.34.31933\include\cmath(571,37): error C2988: unrecognizable template declaration/definition
C:\Program Files\Microsoft Visual Studio\2022\Community\VC\Tools\MSVC\14.34.31933\include\cmath(571,37): error C2143: syntax error: missing ';' before '<'
C:\Program Files\Microsoft Visual Studio\2022\Community\VC\Tools\MSVC\14.34.31933\include\cmath(571,37): error C2059: syntax error: '<'
C:\Program Files\Microsoft Visual Studio\2022\Community\VC\Tools\MSVC\14.34.31933\include\cmath(571,49): error C2039: '_Common_float_type_t': is not a member of 'std'
C:\Program Files\Microsoft Visual Studio\2022\Community\VC\Tools\MSVC\14.34.31933\include\memory(28,1): message : see declaration of 'std'
C:\Program Files\Microsoft Visual Studio\2022\Community\VC\Tools\MSVC\14.34.31933\include\cmath(572,72): error C2447: '{': missing function header (old-style formal list?)
C:\Program Files\Microsoft Visual Studio\2022\Community\VC\Tools\MSVC\14.34.31933\include\cmath(584,6): error C2039: '_Common_float_type_t': is not a member of 'std'
C:\Program Files\Microsoft Visual Studio\2022\Community\VC\Tools\MSVC\14.34.31933\include\memory(28,1): message : see declaration of 'std'
C:\Program Files\Microsoft Visual Studio\2022\Community\VC\Tools\MSVC\14.34.31933\include\cmath(584,26): error C2988: unrecognizable template declaration/definition
C:\Program Files\Microsoft Visual Studio\2022\Community\VC\Tools\MSVC\14.34.31933\include\cmath(584,26): error C2143: syntax error: missing ';' before '<'
C:\Program Files\Microsoft Visual Studio\2022\Community\VC\Tools\MSVC\14.34.31933\include\cmath(584,26): error C2059: syntax error: '<'
C:\Program Files\Microsoft Visual Studio\2022\Community\VC\Tools\MSVC\14.34.31933\include\cmath(584,111): error C2447: '{': missing function header (old-style formal list?)
C:\Program Files\Microsoft Visual Studio\2022\Community\VC\Tools\MSVC\14.34.31933\include\cmath(637,1): error C2279: exception specification cannot appear in a typedef declaration
C:\Program Files\Microsoft Visual Studio\2022\Community\VC\Tools\MSVC\14.34.31933\include\cmath(638,1): error C2279: exception specification cannot appear in a typedef declaration
C:\Program Files\Microsoft Visual Studio\2022\Community\VC\Tools\MSVC\14.34.31933\include\cmath(639,1): error C2279: exception specification cannot appear in a typedef declaration
C:\Program Files\Microsoft Visual Studio\2022\Community\VC\Tools\MSVC\14.34.31933\include\cmath(640,1): error C2039: '_Common_float_type_t': is not a member of 'std'
C:\Program Files\Microsoft Visual Studio\2022\Community\VC\Tools\MSVC\14.34.31933\include\memory(28,1): message : see declaration of 'std'
C:\Program Files\Microsoft Visual Studio\2022\Community\VC\Tools\MSVC\14.34.31933\include\cmath(640,1): error C2988: unrecognizable template declaration/definition
C:\Program Files\Microsoft Visual Studio\2022\Community\VC\Tools\MSVC\14.34.31933\include\cmath(640,1): error C2143: syntax error: missing ';' before '<'
C:\Program Files\Microsoft Visual Studio\2022\Community\VC\Tools\MSVC\14.34.31933\include\cmath(640,1): error C2059: syntax error: '<'
C:\Program Files\Microsoft Visual Studio\2022\Community\VC\Tools\MSVC\14.34.31933\include\cmath(640,1): error C2447: '{': missing function header (old-style formal list?)
C:\Program Files\Microsoft Visual Studio\2022\Community\VC\Tools\MSVC\14.34.31933\include\cmath(641,1): error C2279: exception specification cannot appear in a typedef declaration
C:\Program Files\Microsoft Visual Studio\2022\Community\VC\Tools\MSVC\14.34.31933\include\cmath(642,1): error C2279: exception specification cannot appear in a typedef declaration
C:\Program Files\Microsoft Visual Studio\2022\Community\VC\Tools\MSVC\14.34.31933\include\cmath(643,1): error C2279: exception specification cannot appear in a typedef declaration
C:\Program Files\Microsoft Visual Studio\2022\Community\VC\Tools\MSVC\14.34.31933\include\cmath(644,1): error C2279: exception specification cannot appear in a typedef declaration
C:\Program Files\Microsoft Visual Studio\2022\Community\VC\Tools\MSVC\14.34.31933\include\cmath(645,1): error C2279: exception specification cannot appear in a typedef declaration
C:\Program Files\Microsoft Visual Studio\2022\Community\VC\Tools\MSVC\14.34.31933\include\cmath(646,1): error C2279: exception specification cannot appear in a typedef declaration
C:\Program Files\Microsoft Visual Studio\2022\Community\VC\Tools\MSVC\14.34.31933\include\cmath(647,1): error C2279: exception specification cannot appear in a typedef declaration
C:\Program Files\Microsoft Visual Studio\2022\Community\VC\Tools\MSVC\14.34.31933\include\cmath(648,1): error C2279: exception specification cannot appear in a typedef declaration
C:\Program Files\Microsoft Visual Studio\2022\Community\VC\Tools\MSVC\14.34.31933\include\cmath(649,1): error C2279: exception specification cannot appear in a typedef declaration
C:\Program Files\Microsoft Visual Studio\2022\Community\VC\Tools\MSVC\14.34.31933\include\cmath(650,1): error C2279: exception specification cannot appear in a typedef declaration
C:\Program Files\Microsoft Visual Studio\2022\Community\VC\Tools\MSVC\14.34.31933\include\cmath(651,1): error C2279: exception specification cannot appear in a typedef declaration
C:\Program Files\Microsoft Visual Studio\2022\Community\VC\Tools\MSVC\14.34.31933\include\cmath(652,1): error C2279: exception specification cannot appear in a typedef declaration
C:\Program Files\Microsoft Visual Studio\2022\Community\VC\Tools\MSVC\14.34.31933\include\cmath(654,1): error C2279: exception specification cannot appear in a typedef declaration
C:\Program Files\Microsoft Visual Studio\2022\Community\VC\Tools\MSVC\14.34.31933\include\cmath(655,1): error C2279: exception specification cannot appear in a typedef declaration
C:\Program Files\Microsoft Visual Studio\2022\Community\VC\Tools\MSVC\14.34.31933\include\cmath(656,1): error C2279: exception specification cannot appear in a typedef declaration
C:\Program Files\Microsoft Visual Studio\2022\Community\VC\Tools\MSVC\14.34.31933\include\cmath(657,1): error C2279: exception specification cannot appear in a typedef declaration
C:\Program Files\Microsoft Visual Studio\2022\Community\VC\Tools\MSVC\14.34.31933\include\cmath(658,1): error C2279: exception specification cannot appear in a typedef declaration
C:\Program Files\Microsoft Visual Studio\2022\Community\VC\Tools\MSVC\14.34.31933\include\cmath(659,1): error C2279: exception specification cannot appear in a typedef declaration
C:\Program Files\Microsoft Visual Studio\2022\Community\VC\Tools\MSVC\14.34.31933\include\cmath(660,1): error C2279: exception specification cannot appear in a typedef declaration
C:\Program Files\Microsoft Visual Studio\2022\Community\VC\Tools\MSVC\14.34.31933\include\cmath(662,1): error C2279: exception specification cannot appear in a typedef declaration
C:\Program Files\Microsoft Visual Studio\2022\Community\VC\Tools\MSVC\14.34.31933\include\cmath(663,1): error C2279: exception specification cannot appear in a typedef declaration
C:\Program Files\Microsoft Visual Studio\2022\Community\VC\Tools\MSVC\14.34.31933\include\cmath(664,1): error C2279: exception specification cannot appear in a typedef declaration
C:\Program Files\Microsoft Visual Studio\2022\Community\VC\Tools\MSVC\14.34.31933\include\cmath(666,1): error C2279: exception specification cannot appear in a typedef declaration
C:\Program Files\Microsoft Visual Studio\2022\Community\VC\Tools\MSVC\14.34.31933\include\cmath(667,1): error C2039: '_Common_float_type_t': is not a member of 'std'
C:\Program Files\Microsoft Visual Studio\2022\Community\VC\Tools\MSVC\14.34.31933\include\memory(28,1): message : see declaration of 'std'
C:\Program Files\Microsoft Visual Studio\2022\Community\VC\Tools\MSVC\14.34.31933\include\cmath(667,1): error C2988: unrecognizable template declaration/definition
C:\Program Files\Microsoft Visual Studio\2022\Community\VC\Tools\MSVC\14.34.31933\include\cmath(667,1): error C2143: syntax error: missing ';' before '<'
C:\Program Files\Microsoft Visual Studio\2022\Community\VC\Tools\MSVC\14.34.31933\include\cmath(667,1): error C2059: syntax error: '<'
C:\Program Files\Microsoft Visual Studio\2022\Community\VC\Tools\MSVC\14.34.31933\include\cmath(667,1): error C2447: '{': missing function header (old-style formal list?)
C:\Program Files\Microsoft Visual Studio\2022\Community\VC\Tools\MSVC\14.34.31933\include\cmath(669,1): error C2039: '_Common_float_type_t': is not a member of 'std'
C:\Program Files\Microsoft Visual Studio\2022\Community\VC\Tools\MSVC\14.34.31933\include\memory(28,1): message : see declaration of 'std'
C:\Program Files\Microsoft Visual Studio\2022\Community\VC\Tools\MSVC\14.34.31933\include\cmath(669,1): error C2988: unrecognizable template declaration/definition
C:\Program Files\Microsoft Visual Studio\2022\Community\VC\Tools\MSVC\14.34.31933\include\cmath(669,1): error C2143: syntax error: missing ';' before '<'
C:\Program Files\Microsoft Visual Studio\2022\Community\VC\Tools\MSVC\14.34.31933\include\cmath(669,1): error C2059: syntax error: '<'
C:\Program Files\Microsoft Visual Studio\2022\Community\VC\Tools\MSVC\14.34.31933\include\cmath(669,1): error C2447: '{': missing function header (old-style formal list?)
C:\Program Files\Microsoft Visual Studio\2022\Community\VC\Tools\MSVC\14.34.31933\include\cmath(670,1): error C2279: exception specification cannot appear in a typedef declaration
C:\Program Files\Microsoft Visual Studio\2022\Community\VC\Tools\MSVC\14.34.31933\include\cmath(671,1): error C2279: exception specification cannot appear in a typedef declaration
C:\Program Files\Microsoft Visual Studio\2022\Community\VC\Tools\MSVC\14.34.31933\include\cmath(672,1): error C2279: exception specification cannot appear in a typedef declaration
C:\Program Files\Microsoft Visual Studio\2022\Community\VC\Tools\MSVC\14.34.31933\include\cmath(673,1): error C2279: exception specification cannot appear in a typedef declaration
C:\Program Files\Microsoft Visual Studio\2022\Community\VC\Tools\MSVC\14.34.31933\include\cmath(674,1): error C2279: exception specification cannot appear in a typedef declaration
C:\Program Files\Microsoft Visual Studio\2022\Community\VC\Tools\MSVC\14.34.31933\include\cmath(675,1): error C2279: exception specification cannot appear in a typedef declaration
C:\Program Files\Microsoft Visual Studio\2022\Community\VC\Tools\MSVC\14.34.31933\include\cmath(676,1): error C2279: exception specification cannot appear in a typedef declaration
C:\Program Files\Microsoft Visual Studio\2022\Community\VC\Tools\MSVC\14.34.31933\include\cmath(677,1): error C2279: exception specification cannot appear in a typedef declaration
C:\Program Files\Microsoft Visual Studio\2022\Community\VC\Tools\MSVC\14.34.31933\include\cmath(678,1): error C2279: exception specification cannot appear in a typedef declaration
C:\Program Files\Microsoft Visual Studio\2022\Community\VC\Tools\MSVC\14.34.31933\include\cmath(679,1): error C2279: exception specification cannot appear in a typedef declaration
C:\Program Files\Microsoft Visual Studio\2022\Community\VC\Tools\MSVC\14.34.31933\include\cmath(680,1): error C2279: exception specification cannot appear in a typedef declaration
C:\Program Files\Microsoft Visual Studio\2022\Community\VC\Tools\MSVC\14.34.31933\include\cmath(681,1): error C2279: exception specification cannot appear in a typedef declaration
C:\Program Files\Microsoft Visual Studio\2022\Community\VC\Tools\MSVC\14.34.31933\include\cmath(682,1): error C2279: exception specification cannot appear in a typedef declaration
C:\Program Files\Microsoft Visual Studio\2022\Community\VC\Tools\MSVC\14.34.31933\include\cmath(683,1): error C2279: exception specification cannot appear in a typedef declaration
C:\Program Files\Microsoft Visual Studio\2022\Community\VC\Tools\MSVC\14.34.31933\include\cmath(684,1): error C2279: exception specification cannot appear in a typedef declaration
C:\Program Files\Microsoft Visual Studio\2022\Community\VC\Tools\MSVC\14.34.31933\include\cmath(685,1): error C2039: '_Common_float_type_t': is not a member of 'std'
C:\Program Files\Microsoft Visual Studio\2022\Community\VC\Tools\MSVC\14.34.31933\include\memory(28,1): message : see declaration of 'std'
C:\Program Files\Microsoft Visual Studio\2022\Community\VC\Tools\MSVC\14.34.31933\include\cmath(685,1): error C2988: unrecognizable template declaration/definition
C:\Program Files\Microsoft Visual Studio\2022\Community\VC\Tools\MSVC\14.34.31933\include\cmath(685,1): error C2143: syntax error: missing ';' before '<'
C:\Program Files\Microsoft Visual Studio\2022\Community\VC\Tools\MSVC\14.34.31933\include\cmath(685,1): error C2059: syntax error: '<'
C:\Program Files\Microsoft Visual Studio\2022\Community\VC\Tools\MSVC\14.34.31933\include\cmath(685,1): error C2447: '{': missing function header (old-style formal list?)
C:\Program Files\Microsoft Visual Studio\2022\Community\VC\Tools\MSVC\14.34.31933\include\cmath(686,1): error C2039: '_Common_float_type_t': is not a member of 'std'
C:\Program Files\Microsoft Visual Studio\2022\Community\VC\Tools\MSVC\14.34.31933\include\memory(28,1): message : see declaration of 'std'
C:\Program Files\Microsoft Visual Studio\2022\Community\VC\Tools\MSVC\14.34.31933\include\cmath(686,1): error C2988: unrecognizable template declaration/definition
C:\Program Files\Microsoft Visual Studio\2022\Community\VC\Tools\MSVC\14.34.31933\include\cmath(686,1): error C2143: syntax error: missing ';' before '<'
C:\Program Files\Microsoft Visual Studio\2022\Community\VC\Tools\MSVC\14.34.31933\include\cmath(686,1): error C2059: syntax error: '<'
C:\Program Files\Microsoft Visual Studio\2022\Community\VC\Tools\MSVC\14.34.31933\include\cmath(686,1): error C2447: '{': missing function header (old-style formal list?)
C:\Program Files\Microsoft Visual Studio\2022\Community\VC\Tools\MSVC\14.34.31933\include\cmath(688,1): error C2039: '_Common_float_type_t': is not a member of 'std'
C:\Program Files\Microsoft Visual Studio\2022\Community\VC\Tools\MSVC\14.34.31933\include\memory(28,1): message : see declaration of 'std'
C:\Program Files\Microsoft Visual Studio\2022\Community\VC\Tools\MSVC\14.34.31933\include\cmath(688,1): error C2988: unrecognizable template declaration/definition
C:\Program Files\Microsoft Visual Studio\2022\Community\VC\Tools\MSVC\14.34.31933\include\cmath(688,1): error C2143: syntax error: missing ';' before '<'
C:\Program Files\Microsoft Visual Studio\2022\Community\VC\Tools\MSVC\14.34.31933\include\cmath(688,1): error C2059: syntax error: '<'
C:\Program Files\Microsoft Visual Studio\2022\Community\VC\Tools\MSVC\14.34.31933\include\cmath(688,1): error C2447: '{': missing function header (old-style formal list?)
C:\Program Files\Microsoft Visual Studio\2022\Community\VC\Tools\MSVC\14.34.31933\include\cmath(690,1): error C2039: '_Common_float_type_t': is not a member of 'std'
C:\Program Files\Microsoft Visual Studio\2022\Community\VC\Tools\MSVC\14.34.31933\include\memory(28,1): message : see declaration of 'std'
C:\Program Files\Microsoft Visual Studio\2022\Community\VC\Tools\MSVC\14.34.31933\include\cmath(690,1): error C2988: unrecognizable template declaration/definition
C:\Program Files\Microsoft Visual Studio\2022\Community\VC\Tools\MSVC\14.34.31933\include\cmath(690,1): error C2143: syntax error: missing ';' before '<'
C:\Program Files\Microsoft Visual Studio\2022\Community\VC\Tools\MSVC\14.34.31933\include\cmath(690,1): error C2059: syntax error: '<'
C:\Program Files\Microsoft Visual Studio\2022\Community\VC\Tools\MSVC\14.34.31933\include\cmath(690,1): error C2447: '{': missing function header (old-style formal list?)
C:\Program Files\Microsoft Visual Studio\2022\Community\VC\Tools\MSVC\14.34.31933\include\cmath(691,1): error C2279: exception specification cannot appear in a typedef declaration
C:\Program Files\Microsoft Visual Studio\2022\Community\VC\Tools\MSVC\14.34.31933\include\cmath(692,1): error C2039: '_Common_float_type_t': is not a member of 'std'
C:\Program Files\Microsoft Visual Studio\2022\Community\VC\Tools\MSVC\14.34.31933\include\memory(28,1): message : see declaration of 'std'
C:\Program Files\Microsoft Visual Studio\2022\Community\VC\Tools\MSVC\14.34.31933\include\cmath(692,1): error C2988: unrecognizable template declaration/definition
C:\Program Files\Microsoft Visual Studio\2022\Community\VC\Tools\MSVC\14.34.31933\include\cmath(692,1): error C2143: syntax error: missing ';' before '<'
C:\Program Files\Microsoft Visual Studio\2022\Community\VC\Tools\MSVC\14.34.31933\include\cmath(692,1): error C2059: syntax error: '<'
C:\Program Files\Microsoft Visual Studio\2022\Community\VC\Tools\MSVC\14.34.31933\include\cmath(692,1): error C2447: '{': missing function header (old-style formal list?)
C:\Program Files\Microsoft Visual Studio\2022\Community\VC\Tools\MSVC\14.34.31933\include\cmath(693,1): error C2039: '_Common_float_type_t': is not a member of 'std'
C:\Program Files\Microsoft Visual Studio\2022\Community\VC\Tools\MSVC\14.34.31933\include\memory(28,1): message : see declaration of 'std'
C:\Program Files\Microsoft Visual Studio\2022\Community\VC\Tools\MSVC\14.34.31933\include\cmath(693,1): error C2988: unrecognizable template declaration/definition
C:\Program Files\Microsoft Visual Studio\2022\Community\VC\Tools\MSVC\14.34.31933\include\cmath(693,1): error C2143: syntax error: missing ';' before '<'
C:\Program Files\Microsoft Visual Studio\2022\Community\VC\Tools\MSVC\14.34.31933\include\cmath(693,1): error C2059: syntax error: '<'
C:\Program Files\Microsoft Visual Studio\2022\Community\VC\Tools\MSVC\14.34.31933\include\cmath(693,1): error C2447: '{': missing function header (old-style formal list?)
C:\Program Files\Microsoft Visual Studio\2022\Community\VC\Tools\MSVC\14.34.31933\include\cmath(694,1): error C2039: '_Common_float_type_t': is not a member of 'std'
C:\Program Files\Microsoft Visual Studio\2022\Community\VC\Tools\MSVC\14.34.31933\include\memory(28,1): message : see declaration of 'std'
C:\Program Files\Microsoft Visual Studio\2022\Community\VC\Tools\MSVC\14.34.31933\include\cmath(694,1): fatal  error C1003: error count exceeds 100; stopping compilation
  viewClass.cpp
C:\Users\gigabyte\OneDrive\Documents\GitHub\WINDOWS_FORMS\CMS\viewClass.h(19): fatal  error C1075: '{': no matching token found
  Generating Code...
